{
  "stats": {
    "suites": 1,
    "tests": 1,
    "passes": 1,
    "pending": 0,
    "failures": 0,
    "start": "2020-01-07T21:36:47.133Z",
    "end": "2020-01-07T21:36:52.716Z",
    "duration": 5583,
    "testsRegistered": 1,
    "passPercent": 100,
    "pendingPercent": 0,
    "other": 0,
    "hasOther": false,
    "skipped": 0,
    "hasSkipped": false
  },
  "results": [
    {
      "uuid": "57c41772-e278-4333-9ca9-b22b3cc19e94",
      "title": "",
      "fullFile": "",
      "file": "",
      "beforeHooks": [],
      "afterHooks": [],
      "tests": [],
      "suites": [
        {
          "uuid": "76d3d11e-04f3-419c-a9db-6871ac733f97",
          "title": "Waypoints",
          "fullFile": "",
          "file": "",
          "beforeHooks": [],
          "afterHooks": [],
          "tests": [
            {
              "title": "should allow elite user to add waypoint",
              "fullTitle": "Waypoints should allow elite user to add waypoint",
              "timedOut": null,
              "duration": 5544,
              "state": "passed",
              "speed": "slow",
              "pass": true,
              "fail": false,
              "pending": false,
              "context": null,
              "code": "cy.get('#add-point').click({\n  force: true\n});\ncy.get('#edit-point-popover').should('not.have.class', 'hidden');\ncy.get('#edit-name').clear().type(data_w[0].name).should('have.value', data_w[0].name);\ncy.get('#waypoint-icon-' + data_w[0].waypointType).click();\ncy.get('[data-color=' + data_w[0].waypointColor + ']').scrollIntoView().click();\ncy.get('#edit-notes').type(data_w[0].notes); // upload photo\ncy.get('.submit-button').click({\n  force: true\n});",
              "err": {},
              "uuid": "4ee3de20-4446-4276-aa4c-19a0d5cbb38a",
              "parentUUID": "76d3d11e-04f3-419c-a9db-6871ac733f97",
              "isHook": false,
              "skipped": false
            }
          ],
          "suites": [],
          "passes": [
            "4ee3de20-4446-4276-aa4c-19a0d5cbb38a"
          ],
          "failures": [],
          "pending": [],
          "skipped": [],
          "duration": 5544,
          "root": false,
          "rootEmpty": false,
          "_timeout": 2000
        }
      ],
      "passes": [],
      "failures": [],
      "pending": [],
      "skipped": [],
      "duration": 0,
      "root": true,
      "rootEmpty": true,
      "_timeout": 2000
    }
  ],
  "meta": {
    "mocha": {
      "version": "5.2.0"
    },
    "mochawesome": {
      "options": {
        "quiet": false,
        "reportFilename": "mochawesome",
        "saveHtml": false,
        "saveJson": true,
        "consoleReporter": "spec",
        "useInlineDiffs": false
      },
      "version": "4.1.0"
    },
    "marge": {
      "options": {
        "reportDir": "mochawesome-report",
        "overwrite": false,
        "html": false,
        "json": true
      },
      "version": "4.1.0"
    }
  }
}