{
  "stats": {
    "suites": 3,
    "tests": 15,
    "passes": 15,
    "pending": 0,
    "failures": 0,
    "start": "2020-01-07T21:36:03.176Z",
    "end": "2020-01-07T21:36:32.354Z",
    "duration": 29178,
    "testsRegistered": 15,
    "passPercent": 100,
    "pendingPercent": 0,
    "other": 0,
    "hasOther": false,
    "skipped": 0,
    "hasSkipped": false
  },
  "results": [
    {
      "uuid": "4c85342c-0e08-4702-8806-2b0debb158db",
      "title": "",
      "fullFile": "",
      "file": "",
      "beforeHooks": [],
      "afterHooks": [],
      "tests": [],
      "suites": [
        {
          "uuid": "c1cc51e1-0cce-4d94-83a3-33221cc42d21",
          "title": "Signup",
          "fullFile": "",
          "file": "",
          "beforeHooks": [],
          "afterHooks": [],
          "tests": [],
          "suites": [
            {
              "uuid": "4460ea6b-bde9-499e-a800-fa82916f8845",
              "title": "form validation",
              "fullFile": "",
              "file": "",
              "beforeHooks": [],
              "afterHooks": [],
              "tests": [
                {
                  "title": "Should not allow signup without an email",
                  "fullTitle": "Signup form validation Should not allow signup without an email",
                  "timedOut": null,
                  "duration": 3970,
                  "state": "passed",
                  "speed": "slow",
                  "pass": true,
                  "fail": false,
                  "pending": false,
                  "context": null,
                  "code": "cy.get('@email').should('be.empty').should('not.have.class', 'error');\ncy.get('#email-input-field-error').should('not.exist');\ncy.get('#confirm-email-input').clear().type(data_p[0].emailAddress).should('not.have.class', 'error');\ncy.get('#confirm-email-input-field-error').should('not.exist');\ncy.get('#password-input').clear().type(data_p[0].password).should('not.have.class', 'error');\ncy.get('#password-input-field-error').should('not.exist');\ncy.get('#confirm-password-input').clear().type(data_p[0].confirmPassword).should('not.have.class', 'error');\ncy.get('#confirm-password-input-field-error').should('not.exist');\ncy.get('@signup').click();\ncy.url().should('include', '/create-account.html');\ncy.get('@email').should('have.class', 'error');\ncy.get('#email-input-field-error').contains('Email address is required');",
                  "err": {},
                  "uuid": "7078593a-d2d8-42bb-89f6-fceee80c0019",
                  "parentUUID": "4460ea6b-bde9-499e-a800-fa82916f8845",
                  "isHook": false,
                  "skipped": false
                },
                {
                  "title": "Should not allow signup without confirming email",
                  "fullTitle": "Signup form validation Should not allow signup without confirming email",
                  "timedOut": null,
                  "duration": 2503,
                  "state": "passed",
                  "speed": "slow",
                  "pass": true,
                  "fail": false,
                  "pending": false,
                  "context": null,
                  "code": "cy.get('@email').clear().type(data_p[0].emailAddress).should('not.have.class', 'error');\ncy.get('#email-input-field-error').should('not.exist');\ncy.get('#confirm-email-input').should('be.empty');\ncy.get('#confirm-email-input-field-error').should('not.exist');\ncy.get('#password-input').clear().type(data_p[0].password).should('not.have.class', 'error');\ncy.get('#password-input-field-error').should('not.exist');\ncy.get('#confirm-password-input').clear().type(data_p[0].confirmPassword).should('not.have.class', 'error');\ncy.get('#confirm-password-input-field-error').should('not.exist');\ncy.get('@signup').click();\ncy.url().should('include', '/create-account.html');\ncy.get('#confirm-email-input').should('have.class', 'error');\ncy.get('#confirm-email-input-field-error').contains('Confirm Email is required.');",
                  "err": {},
                  "uuid": "42957ef5-52ea-45ec-b7eb-cbfe5a2c2678",
                  "parentUUID": "4460ea6b-bde9-499e-a800-fa82916f8845",
                  "isHook": false,
                  "skipped": false
                },
                {
                  "title": "Should not allow mismatched emails",
                  "fullTitle": "Signup form validation Should not allow mismatched emails",
                  "timedOut": null,
                  "duration": 2214,
                  "state": "passed",
                  "speed": "slow",
                  "pass": true,
                  "fail": false,
                  "pending": false,
                  "context": null,
                  "code": "cy.get('@email').clear().type(data_p[0].emailAddress);\ncy.get('#email-input-field-error').should('not.exist');\ncy.get('#confirm-email-input').clear().type(data_n[0].confirmEmailAddress).should('not.have.class', 'error');\ncy.get('#confirm-email-input-field-error').should('not.exist');\ncy.get('@password').clear().type(data_p[0].password).should('not.have.class', 'error');\ncy.get('#password-input-field-error').should('not.exist');\ncy.get('#confirm-password-input').clear().type(data_p[0].confirmPassword).should('not.have.class', 'error');\ncy.get('#confirm-password-input-field-error').should('not.exist');\ncy.get('@signup').click();\ncy.url().should('include', '/create-account.html');\ncy.get('#confirm-email-input-field-error').contains('Emails do not match.');",
                  "err": {},
                  "uuid": "9c19082d-b9be-4ee1-a833-34e89f18a834",
                  "parentUUID": "4460ea6b-bde9-499e-a800-fa82916f8845",
                  "isHook": false,
                  "skipped": false
                },
                {
                  "title": "Should not allow email without @ symbol",
                  "fullTitle": "Signup form validation Should not allow email without @ symbol",
                  "timedOut": null,
                  "duration": 2050,
                  "state": "passed",
                  "speed": "slow",
                  "pass": true,
                  "fail": false,
                  "pending": false,
                  "context": null,
                  "code": "cy.get('@email').clear().type(data_n[0].emailAddress);\ncy.get('#email-input-field-error').should('not.exist');\ncy.get('#confirm-email-input').clear().type(data_n[0].confirmEmailAddress).should('not.have.class', 'error');\ncy.get('#confirm-email-input-field-error').should('not.exist');\ncy.get('@password').clear().type(data_p[0].password).should('not.have.class', 'error');\ncy.get('#password-input-field-error').should('not.exist');\ncy.get('#confirm-password-input').clear().type(data_p[0].confirmPassword).should('not.have.class', 'error');\ncy.get('#confirm-password-input-field-error').should('not.exist');\ncy.get('@signup').click();\ncy.url().should('include', '/create-account.html');\ncy.get('#email-input-field-error').contains('Invalid email address. Must contain a single @.');",
                  "err": {},
                  "uuid": "79140f52-f925-40ce-8e3c-adabc018fc54",
                  "parentUUID": "4460ea6b-bde9-499e-a800-fa82916f8845",
                  "isHook": false,
                  "skipped": false
                },
                {
                  "title": "Should not allow signup without a password",
                  "fullTitle": "Signup form validation Should not allow signup without a password",
                  "timedOut": null,
                  "duration": 1974,
                  "state": "passed",
                  "speed": "slow",
                  "pass": true,
                  "fail": false,
                  "pending": false,
                  "context": null,
                  "code": "cy.get('@email').clear().type(data_p[0].emailAddress).should('not.have.class', 'error');\ncy.get('#email-input-field-error').should('not.exist');\ncy.get('#confirm-email-input').clear().type(data_p[0].confirmEmailAddress).should('not.have.class', 'error');\ncy.get('#confirm-email-input-field-error').should('not.exist');\ncy.get('@password').should('be.empty');\ncy.get('#password-input-field-error').should('not.exist');\ncy.get('#confirm-password-input').clear().type(data_p[0].confirmPassword).should('not.have.class', 'error');\ncy.get('#confirm-password-input-field-error').should('not.exist');\ncy.get('@signup').click();\ncy.url().should('include', '/create-account.html');\ncy.get('@password').should('have.class', 'error');\ncy.get('#password-input-field-error').contains('Password is required.');",
                  "err": {},
                  "uuid": "1bac7bcf-ed33-4bc3-818a-557346e8abbc",
                  "parentUUID": "4460ea6b-bde9-499e-a800-fa82916f8845",
                  "isHook": false,
                  "skipped": false
                },
                {
                  "title": "Should not allow signup without confirming password",
                  "fullTitle": "Signup form validation Should not allow signup without confirming password",
                  "timedOut": null,
                  "duration": 1970,
                  "state": "passed",
                  "speed": "slow",
                  "pass": true,
                  "fail": false,
                  "pending": false,
                  "context": null,
                  "code": "cy.get('@email').clear().type(data_p[0].emailAddress).should('not.have.class', 'error');\ncy.get('#email-input-field-error').should('not.exist');\ncy.get('#confirm-email-input').clear().type(data_p[0].confirmEmailAddress).should('not.have.class', 'error');\ncy.get('#confirm-email-input-field-error').should('not.exist');\ncy.get('@password').clear().type(data_p[0].password).should('not.have.class', 'error');\ncy.get('#password-input-field-error').should('not.exist');\ncy.get('#confirm-password-input').should('be.empty');\ncy.get('#confirm-password-input-field-error').should('not.exist');\ncy.get('@signup').click();\ncy.url().should('include', '/create-account.html');\ncy.get('#confirm-password-input').should('have.class', 'error');\ncy.get('#confirm-password-input-field-error').contains('Confirm Password is required.');",
                  "err": {},
                  "uuid": "0b0adca6-412b-4f72-87c2-6e2fefc29f91",
                  "parentUUID": "4460ea6b-bde9-499e-a800-fa82916f8845",
                  "isHook": false,
                  "skipped": false
                },
                {
                  "title": "Should not allow passwords less than 8 characters",
                  "fullTitle": "Signup form validation Should not allow passwords less than 8 characters",
                  "timedOut": null,
                  "duration": 2132,
                  "state": "passed",
                  "speed": "slow",
                  "pass": true,
                  "fail": false,
                  "pending": false,
                  "context": null,
                  "code": "cy.get('@email').clear().type(data_p[0].emailAddress).should('not.have.class', 'error');\ncy.get('#email-input-field-error').should('not.exist');\ncy.get('#confirm-email-input').clear().type(data_p[0].confirmEmailAddress).should('not.have.class', 'error');\ncy.get('#confirm-email-input-field-error').should('not.exist');\ncy.get('@password').clear().type(data_n[0].password).should('not.have.class', 'error');\ncy.get('#password-input-field-error').should('not.exist');\ncy.get('#confirm-password-input').clear().type(data_n[0].password).should('not.have.class', 'error');\ncy.get('#confirm-password-input-field-error').should('not.exist');\ncy.get('@signup').click();\ncy.url().should('include', '/create-account.html');\ncy.get('#password-input-field-error').contains('Password must contain at least 8 characters.');",
                  "err": {},
                  "uuid": "a84546cc-560a-49c4-b082-7d1b9d00f48c",
                  "parentUUID": "4460ea6b-bde9-499e-a800-fa82916f8845",
                  "isHook": false,
                  "skipped": false
                },
                {
                  "title": "Should not allow mismatched passwords",
                  "fullTitle": "Signup form validation Should not allow mismatched passwords",
                  "timedOut": null,
                  "duration": 2254,
                  "state": "passed",
                  "speed": "slow",
                  "pass": true,
                  "fail": false,
                  "pending": false,
                  "context": null,
                  "code": "cy.get('@email').clear().type(data_p[0].emailAddress).should('not.have.class', 'error');\ncy.get('#email-input-field-error').should('not.exist');\ncy.get('#confirm-email-input').clear().type(data_p[0].confirmEmailAddress).should('not.have.class', 'error');\ncy.get('#confirm-email-input-field-error').should('not.exist');\ncy.get('@password').clear().type(data_n[1].password).should('not.have.class', 'error');\ncy.get('#password-input-field-error').should('not.exist');\ncy.get('#confirm-password-input').clear().type(data_n[0].confirmPassword).should('not.have.class', 'error');\ncy.get('#confirm-password-input-field-error').should('not.exist');\ncy.get('@signup').click();\ncy.url().should('include', '/create-account.html');\ncy.get('#confirm-password-input-field-error').contains('Passwords do not match.');",
                  "err": {},
                  "uuid": "9738d351-d5cb-4976-af83-36be19161037",
                  "parentUUID": "4460ea6b-bde9-499e-a800-fa82916f8845",
                  "isHook": false,
                  "skipped": false
                },
                {
                  "title": "Should not allow signup without credentials",
                  "fullTitle": "Signup form validation Should not allow signup without credentials",
                  "timedOut": null,
                  "duration": 1021,
                  "state": "passed",
                  "speed": "slow",
                  "pass": true,
                  "fail": false,
                  "pending": false,
                  "context": null,
                  "code": "cy.get('@email').should('not.have.class', 'error');\ncy.get('#confirm-email-input').should('not.have.class', 'error');\ncy.get('@password').should('not.have.class', 'error');\ncy.get('#confirm-password-input').should('not.have.class', 'error');\ncy.get('@signup').click();\ncy.get('@email').should('have.class', 'error');\ncy.get('#email-input-field-error').contains('Email address is required');\ncy.get('@confirm-email').should('have.class', 'error');\ncy.get('#confirm-email-input-field-error').contains('Confirm Email is required');\ncy.get('@password').should('have.class', 'error');\ncy.get('#password-input-field-error').contains('Password is required.');\ncy.get('@password').should('have.class', 'error');\ncy.get('#confirm-password-input-field-error').contains('Confirm Password is required.');",
                  "err": {},
                  "uuid": "6229bd25-91f7-42fc-941c-303ab07f5dcc",
                  "parentUUID": "4460ea6b-bde9-499e-a800-fa82916f8845",
                  "isHook": false,
                  "skipped": false
                },
                {
                  "title": "Should allow signup",
                  "fullTitle": "Signup form validation Should allow signup",
                  "timedOut": null,
                  "duration": 3636,
                  "state": "passed",
                  "speed": "slow",
                  "pass": true,
                  "fail": false,
                  "pending": false,
                  "context": null,
                  "code": "var rand = Cypress.moment();\ncy.get('@email').clear().type(data_p[0].emailAddress + rand);\ncy.get('#email-input-field-error').should('not.exist');\ncy.get('#confirm-email-input').clear().type(data_p[0].confirmEmailAddress + rand).should('not.have.class', 'error');\ncy.get('#confirm-email-input-field-error').should('not.exist');\ncy.get('@password').clear().type(data_p[0].password).should('not.have.class', 'error');\ncy.get('#password-input-field-error').should('not.exist');\ncy.get('#confirm-password-input').clear().type(data_p[0].confirmPassword).should('not.have.class', 'error');\ncy.get('#confirm-password-input-field-error').should('not.exist');\ncy.get('@signup').click({\n  force: true\n});\ncy.url().should('include', '/map.html');",
                  "err": {},
                  "uuid": "9282596d-d511-4190-828a-cf9632de556b",
                  "parentUUID": "4460ea6b-bde9-499e-a800-fa82916f8845",
                  "isHook": false,
                  "skipped": false
                },
                {
                  "title": "Should notify if account already exists",
                  "fullTitle": "Signup form validation Should notify if account already exists",
                  "timedOut": null,
                  "duration": 2338,
                  "state": "passed",
                  "speed": "slow",
                  "pass": true,
                  "fail": false,
                  "pending": false,
                  "context": null,
                  "code": "cy.get('@email').clear().type(data_e[0].emailAddress);\ncy.get('#email-input-field-error').should('not.exist');\ncy.get('#confirm-email-input').clear().type(data_e[0].confirmEmailAddress).should('not.have.class', 'error');\ncy.get('#confirm-email-input-field-error').should('not.exist');\ncy.get('@password').clear().type(data_e[0].password).should('not.have.class', 'error');\ncy.get('#password-input-field-error').should('not.exist');\ncy.get('#confirm-password-input').clear().type(data_e[0].confirmPassword).should('not.have.class', 'error');\ncy.get('#confirm-password-input-field-error').should('not.exist');\ncy.get('@signup').click();\ncy.url().should('include', '/create-account.html');\ncy.get('.flash-error').as('error');\ncy.get('.flash-error > div').contains('This email is already associated with an account. Would you like to ');\ncy.get('@error').first('a').contains('login').should('have.attr', 'href').and('match', /login.html/);",
                  "err": {},
                  "uuid": "c5c20a4a-42be-4dd5-bbfa-3e4345c7f5c0",
                  "parentUUID": "4460ea6b-bde9-499e-a800-fa82916f8845",
                  "isHook": false,
                  "skipped": false
                }
              ],
              "suites": [],
              "passes": [
                "7078593a-d2d8-42bb-89f6-fceee80c0019",
                "42957ef5-52ea-45ec-b7eb-cbfe5a2c2678",
                "9c19082d-b9be-4ee1-a833-34e89f18a834",
                "79140f52-f925-40ce-8e3c-adabc018fc54",
                "1bac7bcf-ed33-4bc3-818a-557346e8abbc",
                "0b0adca6-412b-4f72-87c2-6e2fefc29f91",
                "a84546cc-560a-49c4-b082-7d1b9d00f48c",
                "9738d351-d5cb-4976-af83-36be19161037",
                "6229bd25-91f7-42fc-941c-303ab07f5dcc",
                "9282596d-d511-4190-828a-cf9632de556b",
                "c5c20a4a-42be-4dd5-bbfa-3e4345c7f5c0"
              ],
              "failures": [],
              "pending": [],
              "skipped": [],
              "duration": 26062,
              "root": false,
              "rootEmpty": false,
              "_timeout": 2000
            },
            {
              "uuid": "4a433ea7-68fe-414b-be8f-2cea7b0b2e14",
              "title": "Header and links",
              "fullFile": "",
              "file": "",
              "beforeHooks": [],
              "afterHooks": [],
              "tests": [
                {
                  "title": "Should display Create Account header",
                  "fullTitle": "Signup Header and links Should display Create Account header",
                  "timedOut": null,
                  "duration": 830,
                  "state": "passed",
                  "speed": "slow",
                  "pass": true,
                  "fail": false,
                  "pending": false,
                  "context": null,
                  "code": "cy.get('h2').contains('Create Account').should('exist');",
                  "err": {},
                  "uuid": "01bac358-d01f-4daa-b3f0-0778cc6b8651",
                  "parentUUID": "4a433ea7-68fe-414b-be8f-2cea7b0b2e14",
                  "isHook": false,
                  "skipped": false
                },
                {
                  "title": "Should link to terms of use",
                  "fullTitle": "Signup Header and links Should link to terms of use",
                  "timedOut": null,
                  "duration": 669,
                  "state": "passed",
                  "speed": "slow",
                  "pass": true,
                  "fail": false,
                  "pending": false,
                  "context": null,
                  "code": "cy.get('a').contains('terms of use.').should('have.attr', 'href').and('match', /tou/);",
                  "err": {},
                  "uuid": "e2d193e1-9650-4fc4-b274-7992201433f8",
                  "parentUUID": "4a433ea7-68fe-414b-be8f-2cea7b0b2e14",
                  "isHook": false,
                  "skipped": false
                },
                {
                  "title": "Should link to already have an account",
                  "fullTitle": "Signup Header and links Should link to already have an account",
                  "timedOut": null,
                  "duration": 721,
                  "state": "passed",
                  "speed": "slow",
                  "pass": true,
                  "fail": false,
                  "pending": false,
                  "context": null,
                  "code": "cy.contains('Already have an account?').should('exist');\ncy.get('a').contains('Login').should('have.attr', 'href').and('match', /login.html/);",
                  "err": {},
                  "uuid": "10b689d0-5113-4f03-afbb-7b7ec2bfbe52",
                  "parentUUID": "4a433ea7-68fe-414b-be8f-2cea7b0b2e14",
                  "isHook": false,
                  "skipped": false
                },
                {
                  "title": "Should allow sign in with Facebook",
                  "fullTitle": "Signup Header and links Should allow sign in with Facebook",
                  "timedOut": null,
                  "duration": 726,
                  "state": "passed",
                  "speed": "slow",
                  "pass": true,
                  "fail": false,
                  "pending": false,
                  "context": null,
                  "code": "cy.contains('Join now with your social network').should('exist');\ncy.get('button').contains('Sign in with Facebook').should('exist');",
                  "err": {},
                  "uuid": "8d4eb25c-5b40-448a-8249-83420096b7d8",
                  "parentUUID": "4a433ea7-68fe-414b-be8f-2cea7b0b2e14",
                  "isHook": false,
                  "skipped": false
                }
              ],
              "suites": [],
              "passes": [
                "01bac358-d01f-4daa-b3f0-0778cc6b8651",
                "e2d193e1-9650-4fc4-b274-7992201433f8",
                "10b689d0-5113-4f03-afbb-7b7ec2bfbe52",
                "8d4eb25c-5b40-448a-8249-83420096b7d8"
              ],
              "failures": [],
              "pending": [],
              "skipped": [],
              "duration": 2946,
              "root": false,
              "rootEmpty": false,
              "_timeout": 2000
            }
          ],
          "passes": [],
          "failures": [],
          "pending": [],
          "skipped": [],
          "duration": 0,
          "root": false,
          "rootEmpty": false,
          "_timeout": 2000
        }
      ],
      "passes": [],
      "failures": [],
      "pending": [],
      "skipped": [],
      "duration": 0,
      "root": true,
      "rootEmpty": true,
      "_timeout": 2000
    }
  ],
  "meta": {
    "mocha": {
      "version": "5.2.0"
    },
    "mochawesome": {
      "options": {
        "quiet": false,
        "reportFilename": "mochawesome",
        "saveHtml": false,
        "saveJson": true,
        "consoleReporter": "spec",
        "useInlineDiffs": false
      },
      "version": "4.1.0"
    },
    "marge": {
      "options": {
        "reportDir": "mochawesome-report",
        "overwrite": false,
        "html": false,
        "json": true
      },
      "version": "4.1.0"
    }
  }
}