{
  "stats": {
    "suites": 3,
    "tests": 10,
    "passes": 10,
    "pending": 0,
    "failures": 0,
    "start": "2020-01-07T21:35:36.549Z",
    "end": "2020-01-07T21:35:52.862Z",
    "duration": 16313,
    "testsRegistered": 10,
    "passPercent": 100,
    "pendingPercent": 0,
    "other": 0,
    "hasOther": false,
    "skipped": 0,
    "hasSkipped": false
  },
  "results": [
    {
      "uuid": "27055bd9-9193-4d62-9ebc-abb48b670b9e",
      "title": "",
      "fullFile": "",
      "file": "",
      "beforeHooks": [],
      "afterHooks": [],
      "tests": [],
      "suites": [
        {
          "uuid": "4b44ea9a-923a-460a-bbab-66988b97f3db",
          "title": "Login",
          "fullFile": "",
          "file": "",
          "beforeHooks": [],
          "afterHooks": [],
          "tests": [],
          "suites": [
            {
              "uuid": "bee6d962-f70c-4991-9734-f6e5f08181da",
              "title": "form validation",
              "fullFile": "",
              "file": "",
              "beforeHooks": [],
              "afterHooks": [],
              "tests": [
                {
                  "title": "Should not allow login without an email",
                  "fullTitle": "Login form validation Should not allow login without an email",
                  "timedOut": null,
                  "duration": 3128,
                  "state": "passed",
                  "speed": "slow",
                  "pass": true,
                  "fail": false,
                  "pending": false,
                  "context": null,
                  "code": "cy.get('@email').should('be.empty');\ncy.get('#password-input').clear().type(data[0].password).should('not.have.class', 'error');\ncy.get('#password-input-field-error').should('not.exist');\ncy.get('@login').click();\ncy.url().should('include', '/login.html');\ncy.get('@email').should('have.class', 'error');\ncy.get('#email-input-field-error').contains('Email address is required');",
                  "err": {},
                  "uuid": "a5cc9d67-322d-4542-ba90-17b036eeedab",
                  "parentUUID": "bee6d962-f70c-4991-9734-f6e5f08181da",
                  "isHook": false,
                  "skipped": false
                },
                {
                  "title": "Should not allow login without a password",
                  "fullTitle": "Login form validation Should not allow login without a password",
                  "timedOut": null,
                  "duration": 1920,
                  "state": "passed",
                  "speed": "slow",
                  "pass": true,
                  "fail": false,
                  "pending": false,
                  "context": null,
                  "code": "cy.get('#email-input').clear().type(data[0].emailAddress);\ncy.get('#email-input-field-error').should('not.exist');\ncy.get('@password').should('be.empty');\ncy.get('@login').click();\ncy.url().should('include', '/login.html');\ncy.get('@password').should('have.class', 'error');\ncy.get('#password-input-field-error').contains('Password is required.');",
                  "err": {},
                  "uuid": "ca27740a-3a4c-40d8-87d8-295e148c9885",
                  "parentUUID": "bee6d962-f70c-4991-9734-f6e5f08181da",
                  "isHook": false,
                  "skipped": false
                },
                {
                  "title": "Should not allow bad credentials",
                  "fullTitle": "Login form validation Should not allow bad credentials",
                  "timedOut": null,
                  "duration": 2123,
                  "state": "passed",
                  "speed": "slow",
                  "pass": true,
                  "fail": false,
                  "pending": false,
                  "context": null,
                  "code": "cy.get('@email').clear().type(data[0].emailAddress);\ncy.get('#email-input-field-error').should('not.exist');\ncy.get('@password').clear().type(data_n[0].password).should('not.have.class', 'error');\ncy.get('#password-input-field-error').should('not.exist');\ncy.get('@login').click();\ncy.url().should('include', '/login.html');\ncy.get('.flash-error').as('error');\ncy.get('@error').first('div').contains('Login failed');\ncy.get('@error').last('div').contains('Incorrect email or password');",
                  "err": {},
                  "uuid": "17707a6c-3ec9-4edf-b37a-2eddb32c7b9a",
                  "parentUUID": "bee6d962-f70c-4991-9734-f6e5f08181da",
                  "isHook": false,
                  "skipped": false
                },
                {
                  "title": "Should not allow login without credentials",
                  "fullTitle": "Login form validation Should not allow login without credentials",
                  "timedOut": null,
                  "duration": 961,
                  "state": "passed",
                  "speed": "slow",
                  "pass": true,
                  "fail": false,
                  "pending": false,
                  "context": null,
                  "code": "cy.get('@login').click();\ncy.get('#email-input').should('have.class', 'error');\ncy.get('#email-input-field-error').contains('Email address is required');\ncy.get('#password-input').should('have.class', 'error');\ncy.get('#password-input-field-error').contains('Password is required.');",
                  "err": {},
                  "uuid": "d0fffd44-f29a-4660-b9e3-cb84e0c461af",
                  "parentUUID": "bee6d962-f70c-4991-9734-f6e5f08181da",
                  "isHook": false,
                  "skipped": false
                },
                {
                  "title": "Should allow good credentials",
                  "fullTitle": "Login form validation Should allow good credentials",
                  "timedOut": null,
                  "duration": 2873,
                  "state": "passed",
                  "speed": "slow",
                  "pass": true,
                  "fail": false,
                  "pending": false,
                  "context": null,
                  "code": "cy.get('@email').clear().type(data[0].emailAddress).should('not.have.class', 'error');\ncy.get('#email-input-field-error').should('not.exist');\ncy.get('@password').clear().type(data[0].password).should('not.have.class', 'error');\ncy.get('#password-input-field-error').should('not.exist');\ncy.get('@login').click();\ncy.url().should('include', '/map.html');",
                  "err": {},
                  "uuid": "67c6ff11-2c12-4dc8-a8f4-9a0aa85f69a9",
                  "parentUUID": "bee6d962-f70c-4991-9734-f6e5f08181da",
                  "isHook": false,
                  "skipped": false
                }
              ],
              "suites": [],
              "passes": [
                "a5cc9d67-322d-4542-ba90-17b036eeedab",
                "ca27740a-3a4c-40d8-87d8-295e148c9885",
                "17707a6c-3ec9-4edf-b37a-2eddb32c7b9a",
                "d0fffd44-f29a-4660-b9e3-cb84e0c461af",
                "67c6ff11-2c12-4dc8-a8f4-9a0aa85f69a9"
              ],
              "failures": [],
              "pending": [],
              "skipped": [],
              "duration": 11005,
              "root": false,
              "rootEmpty": false,
              "_timeout": 2000
            },
            {
              "uuid": "042c01b6-d427-4fb4-8a10-c9ab717695cb",
              "title": "Header and links",
              "fullFile": "",
              "file": "",
              "beforeHooks": [],
              "afterHooks": [],
              "tests": [
                {
                  "title": "Should display onX Login header",
                  "fullTitle": "Login Header and links Should display onX Login header",
                  "timedOut": null,
                  "duration": 1903,
                  "state": "passed",
                  "speed": "slow",
                  "pass": true,
                  "fail": false,
                  "pending": false,
                  "context": null,
                  "code": "cy.get('h2').contains('onX Login').should('exist');",
                  "err": {},
                  "uuid": "a036cad9-f243-42f0-8a34-ba475e1b022b",
                  "parentUUID": "042c01b6-d427-4fb4-8a10-c9ab717695cb",
                  "isHook": false,
                  "skipped": false
                },
                {
                  "title": "Should link to terms of use",
                  "fullTitle": "Login Header and links Should link to terms of use",
                  "timedOut": null,
                  "duration": 937,
                  "state": "passed",
                  "speed": "slow",
                  "pass": true,
                  "fail": false,
                  "pending": false,
                  "context": null,
                  "code": "cy.get('a').contains('Terms of use').should('have.attr', 'href').and('match', /tou/);",
                  "err": {},
                  "uuid": "232e9e2e-2a56-4ee8-a9a0-c8733c9b8a1b",
                  "parentUUID": "042c01b6-d427-4fb4-8a10-c9ab717695cb",
                  "isHook": false,
                  "skipped": false
                },
                {
                  "title": "Should link to forgot password",
                  "fullTitle": "Login Header and links Should link to forgot password",
                  "timedOut": null,
                  "duration": 938,
                  "state": "passed",
                  "speed": "slow",
                  "pass": true,
                  "fail": false,
                  "pending": false,
                  "context": null,
                  "code": "cy.get('a').contains('Forgot Password?').should('exist');",
                  "err": {},
                  "uuid": "96d5d4ab-51f9-4ee7-ab95-7376ba1a4344",
                  "parentUUID": "042c01b6-d427-4fb4-8a10-c9ab717695cb",
                  "isHook": false,
                  "skipped": false
                },
                {
                  "title": "Should allow sign in with Facebook",
                  "fullTitle": "Login Header and links Should allow sign in with Facebook",
                  "timedOut": null,
                  "duration": 796,
                  "state": "passed",
                  "speed": "slow",
                  "pass": true,
                  "fail": false,
                  "pending": false,
                  "context": null,
                  "code": "cy.contains('Login with your social network').should('exist');\ncy.get('button').contains('Sign in with Facebook').should('exist');",
                  "err": {},
                  "uuid": "3f009c89-68f6-4ec9-aba9-7e3a82e065e8",
                  "parentUUID": "042c01b6-d427-4fb4-8a10-c9ab717695cb",
                  "isHook": false,
                  "skipped": false
                },
                {
                  "title": "Should allow user to sign up",
                  "fullTitle": "Login Header and links Should allow user to sign up",
                  "timedOut": null,
                  "duration": 598,
                  "state": "passed",
                  "speed": "slow",
                  "pass": true,
                  "fail": false,
                  "pending": false,
                  "context": null,
                  "code": "cy.contains(\"Don't have an account?\").should('exist');\ncy.get('a').contains(\"Sign Up\").should('have.attr', 'href').and('match', /create-account.html/);",
                  "err": {},
                  "uuid": "3abef02a-a9aa-4660-918d-c56ecbd67168",
                  "parentUUID": "042c01b6-d427-4fb4-8a10-c9ab717695cb",
                  "isHook": false,
                  "skipped": false
                }
              ],
              "suites": [],
              "passes": [
                "a036cad9-f243-42f0-8a34-ba475e1b022b",
                "232e9e2e-2a56-4ee8-a9a0-c8733c9b8a1b",
                "96d5d4ab-51f9-4ee7-ab95-7376ba1a4344",
                "3f009c89-68f6-4ec9-aba9-7e3a82e065e8",
                "3abef02a-a9aa-4660-918d-c56ecbd67168"
              ],
              "failures": [],
              "pending": [],
              "skipped": [],
              "duration": 5172,
              "root": false,
              "rootEmpty": false,
              "_timeout": 2000
            }
          ],
          "passes": [],
          "failures": [],
          "pending": [],
          "skipped": [],
          "duration": 0,
          "root": false,
          "rootEmpty": false,
          "_timeout": 2000
        }
      ],
      "passes": [],
      "failures": [],
      "pending": [],
      "skipped": [],
      "duration": 0,
      "root": true,
      "rootEmpty": true,
      "_timeout": 2000
    }
  ],
  "meta": {
    "mocha": {
      "version": "5.2.0"
    },
    "mochawesome": {
      "options": {
        "quiet": false,
        "reportFilename": "mochawesome",
        "saveHtml": false,
        "saveJson": true,
        "consoleReporter": "spec",
        "useInlineDiffs": false
      },
      "version": "4.1.0"
    },
    "marge": {
      "options": {
        "reportDir": "mochawesome-report",
        "overwrite": false,
        "html": false,
        "json": true
      },
      "version": "4.1.0"
    }
  }
}